Analysis & Synthesis report for Componente_ULA
Sat Jul 16 15:11:51 2016
Quartus Prime Version 16.0.0 Build 211 04/27/2016 SJ Lite Edition


---------------------
; Table of Contents ;
---------------------
  1. Legal Notice
  2. Analysis & Synthesis Summary
  3. Analysis & Synthesis Settings
  4. Parallel Compilation
  5. Analysis & Synthesis Source Files Read
  6. Analysis & Synthesis Resource Usage Summary
  7. Analysis & Synthesis Resource Utilization by Entity
  8. User-Specified and Inferred Latches
  9. General Register Statistics
 10. Multiplexer Restructuring Statistics (Restructuring Performed)
 11. Post-Synthesis Netlist Statistics for Top Partition
 12. Elapsed Time Per Partition
 13. Analysis & Synthesis Messages



----------------
; Legal Notice ;
----------------
Copyright (C) 1991-2016 Altera Corporation. All rights reserved.
Your use of Altera Corporation's design tools, logic functions 
and other software and tools, and its AMPP partner logic 
functions, and any output files from any of the foregoing 
(including device programming or simulation files), and any 
associated documentation or information are expressly subject 
to the terms and conditions of the Altera Program License 
Subscription Agreement, the Altera Quartus Prime License Agreement,
the Altera MegaCore Function License Agreement, or other 
applicable license agreement, including, without limitation, 
that your use is for the sole purpose of programming logic 
devices manufactured by Altera and sold by Altera or its 
authorized distributors.  Please refer to the applicable 
agreement for further details.



+----------------------------------------------------------------------------------+
; Analysis & Synthesis Summary                                                     ;
+------------------------------------+---------------------------------------------+
; Analysis & Synthesis Status        ; Successful - Sat Jul 16 15:11:51 2016       ;
; Quartus Prime Version              ; 16.0.0 Build 211 04/27/2016 SJ Lite Edition ;
; Revision Name                      ; Componente_ULA                              ;
; Top-level Entity Name              ; Componente_ULA                              ;
; Family                             ; Cyclone IV E                                ;
; Total logic elements               ; 102                                         ;
;     Total combinational functions  ; 102                                         ;
;     Dedicated logic registers      ; 0                                           ;
; Total registers                    ; 0                                           ;
; Total pins                         ; 51                                          ;
; Total virtual pins                 ; 0                                           ;
; Total memory bits                  ; 0                                           ;
; Embedded Multiplier 9-bit elements ; 0                                           ;
; Total PLLs                         ; 0                                           ;
+------------------------------------+---------------------------------------------+


+----------------------------------------------------------------------------------------------------------------------+
; Analysis & Synthesis Settings                                                                                        ;
+----------------------------------------------------------------------------+--------------------+--------------------+
; Option                                                                     ; Setting            ; Default Value      ;
+----------------------------------------------------------------------------+--------------------+--------------------+
; Top-level entity name                                                      ; Componente_ULA     ; Componente_ULA     ;
; Family name                                                                ; Cyclone IV E       ; Cyclone V          ;
; Use smart compilation                                                      ; Off                ; Off                ;
; Enable parallel Assembler and TimeQuest Timing Analyzer during compilation ; On                 ; On                 ;
; Enable compact report table                                                ; Off                ; Off                ;
; Restructure Multiplexers                                                   ; Auto               ; Auto               ;
; Create Debugging Nodes for IP Cores                                        ; Off                ; Off                ;
; Preserve fewer node names                                                  ; On                 ; On                 ;
; Disable OpenCore Plus hardware evaluation                                  ; Off                ; Off                ;
; Verilog Version                                                            ; Verilog_2001       ; Verilog_2001       ;
; VHDL Version                                                               ; VHDL_1993          ; VHDL_1993          ;
; State Machine Processing                                                   ; Auto               ; Auto               ;
; Safe State Machine                                                         ; Off                ; Off                ;
; Extract Verilog State Machines                                             ; On                 ; On                 ;
; Extract VHDL State Machines                                                ; On                 ; On                 ;
; Ignore Verilog initial constructs                                          ; Off                ; Off                ;
; Iteration limit for constant Verilog loops                                 ; 5000               ; 5000               ;
; Iteration limit for non-constant Verilog loops                             ; 250                ; 250                ;
; Add Pass-Through Logic to Inferred RAMs                                    ; On                 ; On                 ;
; Infer RAMs from Raw Logic                                                  ; On                 ; On                 ;
; Parallel Synthesis                                                         ; On                 ; On                 ;
; DSP Block Balancing                                                        ; Auto               ; Auto               ;
; NOT Gate Push-Back                                                         ; On                 ; On                 ;
; Power-Up Don't Care                                                        ; On                 ; On                 ;
; Remove Redundant Logic Cells                                               ; Off                ; Off                ;
; Remove Duplicate Registers                                                 ; On                 ; On                 ;
; Ignore CARRY Buffers                                                       ; Off                ; Off                ;
; Ignore CASCADE Buffers                                                     ; Off                ; Off                ;
; Ignore GLOBAL Buffers                                                      ; Off                ; Off                ;
; Ignore ROW GLOBAL Buffers                                                  ; Off                ; Off                ;
; Ignore LCELL Buffers                                                       ; Off                ; Off                ;
; Ignore SOFT Buffers                                                        ; On                 ; On                 ;
; Limit AHDL Integers to 32 Bits                                             ; Off                ; Off                ;
; Optimization Technique                                                     ; Balanced           ; Balanced           ;
; Carry Chain Length                                                         ; 70                 ; 70                 ;
; Auto Carry Chains                                                          ; On                 ; On                 ;
; Auto Open-Drain Pins                                                       ; On                 ; On                 ;
; Perform WYSIWYG Primitive Resynthesis                                      ; Off                ; Off                ;
; Auto ROM Replacement                                                       ; On                 ; On                 ;
; Auto RAM Replacement                                                       ; On                 ; On                 ;
; Auto DSP Block Replacement                                                 ; On                 ; On                 ;
; Auto Shift Register Replacement                                            ; Auto               ; Auto               ;
; Allow Shift Register Merging across Hierarchies                            ; Auto               ; Auto               ;
; Auto Clock Enable Replacement                                              ; On                 ; On                 ;
; Strict RAM Replacement                                                     ; Off                ; Off                ;
; Allow Synchronous Control Signals                                          ; On                 ; On                 ;
; Force Use of Synchronous Clear Signals                                     ; Off                ; Off                ;
; Auto RAM Block Balancing                                                   ; On                 ; On                 ;
; Auto RAM to Logic Cell Conversion                                          ; Off                ; Off                ;
; Auto Resource Sharing                                                      ; Off                ; Off                ;
; Allow Any RAM Size For Recognition                                         ; Off                ; Off                ;
; Allow Any ROM Size For Recognition                                         ; Off                ; Off                ;
; Allow Any Shift Register Size For Recognition                              ; Off                ; Off                ;
; Use LogicLock Constraints during Resource Balancing                        ; On                 ; On                 ;
; Ignore translate_off and synthesis_off directives                          ; Off                ; Off                ;
; Timing-Driven Synthesis                                                    ; On                 ; On                 ;
; Report Parameter Settings                                                  ; On                 ; On                 ;
; Report Source Assignments                                                  ; On                 ; On                 ;
; Report Connectivity Checks                                                 ; On                 ; On                 ;
; Ignore Maximum Fan-Out Assignments                                         ; Off                ; Off                ;
; Synchronization Register Chain Length                                      ; 2                  ; 2                  ;
; PowerPlay Power Optimization During Synthesis                              ; Normal compilation ; Normal compilation ;
; HDL message level                                                          ; Level2             ; Level2             ;
; Suppress Register Optimization Related Messages                            ; Off                ; Off                ;
; Number of Removed Registers Reported in Synthesis Report                   ; 5000               ; 5000               ;
; Number of Swept Nodes Reported in Synthesis Report                         ; 5000               ; 5000               ;
; Number of Inverted Registers Reported in Synthesis Report                  ; 100                ; 100                ;
; Clock MUX Protection                                                       ; On                 ; On                 ;
; Auto Gated Clock Conversion                                                ; Off                ; Off                ;
; Block Design Naming                                                        ; Auto               ; Auto               ;
; SDC constraint protection                                                  ; Off                ; Off                ;
; Synthesis Effort                                                           ; Auto               ; Auto               ;
; Shift Register Replacement - Allow Asynchronous Clear Signal               ; On                 ; On                 ;
; Pre-Mapping Resynthesis Optimization                                       ; Off                ; Off                ;
; Analysis & Synthesis Message Level                                         ; Medium             ; Medium             ;
; Disable Register Merging Across Hierarchies                                ; Auto               ; Auto               ;
; Resource Aware Inference For Block RAM                                     ; On                 ; On                 ;
; Synthesis Seed                                                             ; 1                  ; 1                  ;
+----------------------------------------------------------------------------+--------------------+--------------------+


Parallel compilation was disabled, but you have multiple processors available. Enable parallel compilation to reduce compilation time.
+-------------------------------------+
; Parallel Compilation                ;
+----------------------------+--------+
; Processors                 ; Number ;
+----------------------------+--------+
; Number detected on machine ; 4      ;
; Maximum allowed            ; 1      ;
+----------------------------+--------+


+----------------------------------------------------------------------------------------------------------------------------------------------+
; Analysis & Synthesis Source Files Read                                                                                                       ;
+----------------------------------+-----------------+-----------------+-------------------------------------------------------------+---------+
; File Name with User-Entered Path ; Used in Netlist ; File Type       ; File Name with Absolute Path                                ; Library ;
+----------------------------------+-----------------+-----------------+-------------------------------------------------------------+---------+
; Componente_ULA.vhd               ; yes             ; User VHDL File  ; C:/Users/layca/Documents/WorkspaceAltera/Componente_ULA.vhd ;         ;
+----------------------------------+-----------------+-----------------+-------------------------------------------------------------+---------+


+---------------------------------------------------------------+
; Analysis & Synthesis Resource Usage Summary                   ;
+---------------------------------------------+-----------------+
; Resource                                    ; Usage           ;
+---------------------------------------------+-----------------+
; Estimated Total logic elements              ; 102             ;
;                                             ;                 ;
; Total combinational functions               ; 102             ;
; Logic element usage by number of LUT inputs ;                 ;
;     -- 4 input functions                    ; 48              ;
;     -- 3 input functions                    ; 50              ;
;     -- <=2 input functions                  ; 4               ;
;                                             ;                 ;
; Logic elements by mode                      ;                 ;
;     -- normal mode                          ; 86              ;
;     -- arithmetic mode                      ; 16              ;
;                                             ;                 ;
; Total registers                             ; 0               ;
;     -- Dedicated logic registers            ; 0               ;
;     -- I/O registers                        ; 0               ;
;                                             ;                 ;
; I/O pins                                    ; 51              ;
;                                             ;                 ;
; Embedded Multiplier 9-bit elements          ; 0               ;
;                                             ;                 ;
; Maximum fan-out node                        ; ULA_OP[2]~input ;
; Maximum fan-out                             ; 28              ;
; Total fan-out                               ; 417             ;
; Average fan-out                             ; 2.04            ;
+---------------------------------------------+-----------------+


+----------------------------------------------------------------------------------------------------------------------------------------------------------------------------------------------+
; Analysis & Synthesis Resource Utilization by Entity                                                                                                                                          ;
+----------------------------+-------------------+--------------+-------------+--------------+---------+-----------+------+--------------+---------------------+----------------+--------------+
; Compilation Hierarchy Node ; LC Combinationals ; LC Registers ; Memory Bits ; DSP Elements ; DSP 9x9 ; DSP 18x18 ; Pins ; Virtual Pins ; Full Hierarchy Name ; Entity Name    ; Library Name ;
+----------------------------+-------------------+--------------+-------------+--------------+---------+-----------+------+--------------+---------------------+----------------+--------------+
; |Componente_ULA            ; 102 (102)         ; 0 (0)        ; 0           ; 0            ; 0       ; 0         ; 51   ; 0            ; |Componente_ULA     ; Componente_ULA ; work         ;
+----------------------------+-------------------+--------------+-------------+--------------+---------+-----------+------+--------------+---------------------+----------------+--------------+
Note: For table entries with two numbers listed, the numbers in parentheses indicate the number of resources of the given type used by the specific entity alone. The numbers listed outside of parentheses indicate the total resources of the given type used by the specific entity and all of its sub-entities in the hierarchy.


+----------------------------------------------------------------------------------------------------+
; User-Specified and Inferred Latches                                                                ;
+-----------------------------------------------------+---------------------+------------------------+
; Latch Name                                          ; Latch Enable Signal ; Free of Timing Hazards ;
+-----------------------------------------------------+---------------------+------------------------+
; O[0]$latch                                          ; O[15]               ; yes                    ;
; O[1]$latch                                          ; O[15]               ; yes                    ;
; O[2]$latch                                          ; O[15]               ; yes                    ;
; O[3]$latch                                          ; O[15]               ; yes                    ;
; O[4]$latch                                          ; O[15]               ; yes                    ;
; O[5]$latch                                          ; O[15]               ; yes                    ;
; O[6]$latch                                          ; O[15]               ; yes                    ;
; O[7]$latch                                          ; O[15]               ; yes                    ;
; O[8]$latch                                          ; O[15]               ; yes                    ;
; O[9]$latch                                          ; O[15]               ; yes                    ;
; O[10]$latch                                         ; O[15]               ; yes                    ;
; O[11]$latch                                         ; O[15]               ; yes                    ;
; O[12]$latch                                         ; O[15]               ; yes                    ;
; O[13]$latch                                         ; O[15]               ; yes                    ;
; O[14]$latch                                         ; O[15]               ; yes                    ;
; O[15]$latch                                         ; O[15]               ; yes                    ;
; Number of user-specified and inferred latches = 16  ;                     ;                        ;
+-----------------------------------------------------+---------------------+------------------------+
Note: All latches listed above may not be present at the end of synthesis due to various synthesis optimizations.


+------------------------------------------------------+
; General Register Statistics                          ;
+----------------------------------------------+-------+
; Statistic                                    ; Value ;
+----------------------------------------------+-------+
; Total registers                              ; 0     ;
; Number of registers using Synchronous Clear  ; 0     ;
; Number of registers using Synchronous Load   ; 0     ;
; Number of registers using Asynchronous Clear ; 0     ;
; Number of registers using Asynchronous Load  ; 0     ;
; Number of registers using Clock Enable       ; 0     ;
; Number of registers using Preset             ; 0     ;
+----------------------------------------------+-------+


+------------------------------------------------------------------------------------------------------------------------------------------+
; Multiplexer Restructuring Statistics (Restructuring Performed)                                                                           ;
+--------------------+-----------+---------------+----------------------+------------------------+------------+----------------------------+
; Multiplexer Inputs ; Bus Width ; Baseline Area ; Area if Restructured ; Saving if Restructured ; Registered ; Example Multiplexer Output ;
+--------------------+-----------+---------------+----------------------+------------------------+------------+----------------------------+
; 8:1                ; 16 bits   ; 80 LEs        ; 48 LEs               ; 32 LEs                 ; No         ; |Componente_ULA|O[0]       ;
+--------------------+-----------+---------------+----------------------+------------------------+------------+----------------------------+


+-----------------------------------------------------+
; Post-Synthesis Netlist Statistics for Top Partition ;
+-----------------------+-----------------------------+
; Type                  ; Count                       ;
+-----------------------+-----------------------------+
; boundary_port         ; 51                          ;
; cycloneiii_lcell_comb ; 102                         ;
;     arith             ; 16                          ;
;         2 data inputs ; 1                           ;
;         3 data inputs ; 15                          ;
;     normal            ; 86                          ;
;         2 data inputs ; 3                           ;
;         3 data inputs ; 35                          ;
;         4 data inputs ; 48                          ;
;                       ;                             ;
; Max LUT depth         ; 7.40                        ;
; Average LUT depth     ; 5.99                        ;
+-----------------------+-----------------------------+


+-------------------------------+
; Elapsed Time Per Partition    ;
+----------------+--------------+
; Partition Name ; Elapsed Time ;
+----------------+--------------+
; Top            ; 00:00:01     ;
+----------------+--------------+


+-------------------------------+
; Analysis & Synthesis Messages ;
+-------------------------------+
Info: *******************************************************************
Info: Running Quartus Prime Analysis & Synthesis
    Info: Version 16.0.0 Build 211 04/27/2016 SJ Lite Edition
    Info: Processing started: Sat Jul 16 15:11:34 2016
Info: Command: quartus_map --read_settings_files=on --write_settings_files=off Componente_ULA -c Componente_ULA
Warning (20028): Parallel compilation is not licensed and has been disabled
Info (12021): Found 2 design units, including 1 entities, in source file componente_ula.vhd
    Info (12022): Found design unit 1: Componente_ULA-arq File: C:/Users/layca/Documents/WorkspaceAltera/Componente_ULA.vhd Line: 15
    Info (12023): Found entity 1: Componente_ULA File: C:/Users/layca/Documents/WorkspaceAltera/Componente_ULA.vhd Line: 6
Info (12127): Elaborating entity "Componente_ULA" for the top level hierarchy
Info (10041): Inferred latch for "O[0]" at Componente_ULA.vhd(18) File: C:/Users/layca/Documents/WorkspaceAltera/Componente_ULA.vhd Line: 18
Info (10041): Inferred latch for "O[1]" at Componente_ULA.vhd(18) File: C:/Users/layca/Documents/WorkspaceAltera/Componente_ULA.vhd Line: 18
Info (10041): Inferred latch for "O[2]" at Componente_ULA.vhd(18) File: C:/Users/layca/Documents/WorkspaceAltera/Componente_ULA.vhd Line: 18
Info (10041): Inferred latch for "O[3]" at Componente_ULA.vhd(18) File: C:/Users/layca/Documents/WorkspaceAltera/Componente_ULA.vhd Line: 18
Info (10041): Inferred latch for "O[4]" at Componente_ULA.vhd(18) File: C:/Users/layca/Documents/WorkspaceAltera/Componente_ULA.vhd Line: 18
Info (10041): Inferred latch for "O[5]" at Componente_ULA.vhd(18) File: C:/Users/layca/Documents/WorkspaceAltera/Componente_ULA.vhd Line: 18
Info (10041): Inferred latch for "O[6]" at Componente_ULA.vhd(18) File: C:/Users/layca/Documents/WorkspaceAltera/Componente_ULA.vhd Line: 18
Info (10041): Inferred latch for "O[7]" at Componente_ULA.vhd(18) File: C:/Users/layca/Documents/WorkspaceAltera/Componente_ULA.vhd Line: 18
Info (10041): Inferred latch for "O[8]" at Componente_ULA.vhd(18) File: C:/Users/layca/Documents/WorkspaceAltera/Componente_ULA.vhd Line: 18
Info (10041): Inferred latch for "O[9]" at Componente_ULA.vhd(18) File: C:/Users/layca/Documents/WorkspaceAltera/Componente_ULA.vhd Line: 18
Info (10041): Inferred latch for "O[10]" at Componente_ULA.vhd(18) File: C:/Users/layca/Documents/WorkspaceAltera/Componente_ULA.vhd Line: 18
Info (10041): Inferred latch for "O[11]" at Componente_ULA.vhd(18) File: C:/Users/layca/Documents/WorkspaceAltera/Componente_ULA.vhd Line: 18
Info (10041): Inferred latch for "O[12]" at Componente_ULA.vhd(18) File: C:/Users/layca/Documents/WorkspaceAltera/Componente_ULA.vhd Line: 18
Info (10041): Inferred latch for "O[13]" at Componente_ULA.vhd(18) File: C:/Users/layca/Documents/WorkspaceAltera/Componente_ULA.vhd Line: 18
Info (10041): Inferred latch for "O[14]" at Componente_ULA.vhd(18) File: C:/Users/layca/Documents/WorkspaceAltera/Componente_ULA.vhd Line: 18
Info (10041): Inferred latch for "O[15]" at Componente_ULA.vhd(18) File: C:/Users/layca/Documents/WorkspaceAltera/Componente_ULA.vhd Line: 18
Warning (13012): Latch O[0]$latch has unsafe behavior File: C:/Users/layca/Documents/WorkspaceAltera/Componente_ULA.vhd Line: 18
    Warning (13013): Ports D and ENA on the latch are fed by the same signal ULA_OP[2] File: C:/Users/layca/Documents/WorkspaceAltera/Componente_ULA.vhd Line: 9
Warning (13012): Latch O[1]$latch has unsafe behavior File: C:/Users/layca/Documents/WorkspaceAltera/Componente_ULA.vhd Line: 18
    Warning (13013): Ports D and ENA on the latch are fed by the same signal ULA_OP[2] File: C:/Users/layca/Documents/WorkspaceAltera/Componente_ULA.vhd Line: 9
Warning (13012): Latch O[2]$latch has unsafe behavior File: C:/Users/layca/Documents/WorkspaceAltera/Componente_ULA.vhd Line: 18
    Warning (13013): Ports D and ENA on the latch are fed by the same signal ULA_OP[2] File: C:/Users/layca/Documents/WorkspaceAltera/Componente_ULA.vhd Line: 9
Warning (13012): Latch O[3]$latch has unsafe behavior File: C:/Users/layca/Documents/WorkspaceAltera/Componente_ULA.vhd Line: 18
    Warning (13013): Ports D and ENA on the latch are fed by the same signal ULA_OP[2] File: C:/Users/layca/Documents/WorkspaceAltera/Componente_ULA.vhd Line: 9
Warning (13012): Latch O[4]$latch has unsafe behavior File: C:/Users/layca/Documents/WorkspaceAltera/Componente_ULA.vhd Line: 18
    Warning (13013): Ports D and ENA on the latch are fed by the same signal ULA_OP[2] File: C:/Users/layca/Documents/WorkspaceAltera/Componente_ULA.vhd Line: 9
Warning (13012): Latch O[5]$latch has unsafe behavior File: C:/Users/layca/Documents/WorkspaceAltera/Componente_ULA.vhd Line: 18
    Warning (13013): Ports D and ENA on the latch are fed by the same signal ULA_OP[2] File: C:/Users/layca/Documents/WorkspaceAltera/Componente_ULA.vhd Line: 9
Warning (13012): Latch O[6]$latch has unsafe behavior File: C:/Users/layca/Documents/WorkspaceAltera/Componente_ULA.vhd Line: 18
    Warning (13013): Ports D and ENA on the latch are fed by the same signal ULA_OP[2] File: C:/Users/layca/Documents/WorkspaceAltera/Componente_ULA.vhd Line: 9
Warning (13012): Latch O[7]$latch has unsafe behavior File: C:/Users/layca/Documents/WorkspaceAltera/Componente_ULA.vhd Line: 18
    Warning (13013): Ports D and ENA on the latch are fed by the same signal ULA_OP[2] File: C:/Users/layca/Documents/WorkspaceAltera/Componente_ULA.vhd Line: 9
Warning (13012): Latch O[8]$latch has unsafe behavior File: C:/Users/layca/Documents/WorkspaceAltera/Componente_ULA.vhd Line: 18
    Warning (13013): Ports D and ENA on the latch are fed by the same signal ULA_OP[2] File: C:/Users/layca/Documents/WorkspaceAltera/Componente_ULA.vhd Line: 9
Warning (13012): Latch O[9]$latch has unsafe behavior File: C:/Users/layca/Documents/WorkspaceAltera/Componente_ULA.vhd Line: 18
    Warning (13013): Ports D and ENA on the latch are fed by the same signal ULA_OP[2] File: C:/Users/layca/Documents/WorkspaceAltera/Componente_ULA.vhd Line: 9
Warning (13012): Latch O[10]$latch has unsafe behavior File: C:/Users/layca/Documents/WorkspaceAltera/Componente_ULA.vhd Line: 18
    Warning (13013): Ports D and ENA on the latch are fed by the same signal ULA_OP[2] File: C:/Users/layca/Documents/WorkspaceAltera/Componente_ULA.vhd Line: 9
Warning (13012): Latch O[11]$latch has unsafe behavior File: C:/Users/layca/Documents/WorkspaceAltera/Componente_ULA.vhd Line: 18
    Warning (13013): Ports D and ENA on the latch are fed by the same signal ULA_OP[2] File: C:/Users/layca/Documents/WorkspaceAltera/Componente_ULA.vhd Line: 9
Warning (13012): Latch O[12]$latch has unsafe behavior File: C:/Users/layca/Documents/WorkspaceAltera/Componente_ULA.vhd Line: 18
    Warning (13013): Ports D and ENA on the latch are fed by the same signal ULA_OP[2] File: C:/Users/layca/Documents/WorkspaceAltera/Componente_ULA.vhd Line: 9
Warning (13012): Latch O[13]$latch has unsafe behavior File: C:/Users/layca/Documents/WorkspaceAltera/Componente_ULA.vhd Line: 18
    Warning (13013): Ports D and ENA on the latch are fed by the same signal ULA_OP[2] File: C:/Users/layca/Documents/WorkspaceAltera/Componente_ULA.vhd Line: 9
Warning (13012): Latch O[14]$latch has unsafe behavior File: C:/Users/layca/Documents/WorkspaceAltera/Componente_ULA.vhd Line: 18
    Warning (13013): Ports D and ENA on the latch are fed by the same signal ULA_OP[2] File: C:/Users/layca/Documents/WorkspaceAltera/Componente_ULA.vhd Line: 9
Warning (13012): Latch O[15]$latch has unsafe behavior File: C:/Users/layca/Documents/WorkspaceAltera/Componente_ULA.vhd Line: 18
    Warning (13013): Ports D and ENA on the latch are fed by the same signal ULA_OP[2] File: C:/Users/layca/Documents/WorkspaceAltera/Componente_ULA.vhd Line: 9
Info (286030): Timing-Driven Synthesis is running
Info (16010): Generating hard_block partition "hard_block:auto_generated_inst"
    Info (16011): Adding 0 node(s), including 0 DDIO, 0 PLL, 0 transceiver and 0 LCELL
Info (21057): Implemented 153 device resources after synthesis - the final resource count might be different
    Info (21058): Implemented 35 input pins
    Info (21059): Implemented 16 output pins
    Info (21061): Implemented 102 logic cells
Info: Quartus Prime Analysis & Synthesis was successful. 0 errors, 33 warnings
    Info: Peak virtual memory: 877 megabytes
    Info: Processing ended: Sat Jul 16 15:11:51 2016
    Info: Elapsed time: 00:00:17
    Info: Total CPU time (on all processors): 00:00:41


