Analysis & Synthesis report for PROCESSADOR_DIDATICO
Thu Jul 21 00:02:05 2016
Quartus Prime Version 16.0.0 Build 211 04/27/2016 SJ Lite Edition


---------------------
; Table of Contents ;
---------------------
  1. Legal Notice
  2. Analysis & Synthesis Summary
  3. Analysis & Synthesis Settings
  4. Parallel Compilation
  5. Analysis & Synthesis Source Files Read
  6. Analysis & Synthesis Resource Usage Summary
  7. Analysis & Synthesis Resource Utilization by Entity
  8. General Register Statistics
  9. Post-Synthesis Netlist Statistics for Top Partition
 10. Elapsed Time Per Partition
 11. Analysis & Synthesis Messages



----------------
; Legal Notice ;
----------------
Copyright (C) 1991-2016 Altera Corporation. All rights reserved.
Your use of Altera Corporation's design tools, logic functions 
and other software and tools, and its AMPP partner logic 
functions, and any output files from any of the foregoing 
(including device programming or simulation files), and any 
associated documentation or information are expressly subject 
to the terms and conditions of the Altera Program License 
Subscription Agreement, the Altera Quartus Prime License Agreement,
the Altera MegaCore Function License Agreement, or other 
applicable license agreement, including, without limitation, 
that your use is for the sole purpose of programming logic 
devices manufactured by Altera and sold by Altera or its 
authorized distributors.  Please refer to the applicable 
agreement for further details.



+----------------------------------------------------------------------------------+
; Analysis & Synthesis Summary                                                     ;
+------------------------------------+---------------------------------------------+
; Analysis & Synthesis Status        ; Successful - Thu Jul 21 00:02:05 2016       ;
; Quartus Prime Version              ; 16.0.0 Build 211 04/27/2016 SJ Lite Edition ;
; Revision Name                      ; PROCESSADOR_DIDATICO                        ;
; Top-level Entity Name              ; PROCESSADOR_DIDATICO                        ;
; Family                             ; Cyclone IV E                                ;
; Total logic elements               ; 0                                           ;
;     Total combinational functions  ; 0                                           ;
;     Dedicated logic registers      ; 0                                           ;
; Total registers                    ; 0                                           ;
; Total pins                         ; 33                                          ;
; Total virtual pins                 ; 0                                           ;
; Total memory bits                  ; 0                                           ;
; Embedded Multiplier 9-bit elements ; 0                                           ;
; Total PLLs                         ; 0                                           ;
+------------------------------------+---------------------------------------------+


+--------------------------------------------------------------------------------------------------------------------------+
; Analysis & Synthesis Settings                                                                                            ;
+----------------------------------------------------------------------------+----------------------+----------------------+
; Option                                                                     ; Setting              ; Default Value        ;
+----------------------------------------------------------------------------+----------------------+----------------------+
; Top-level entity name                                                      ; PROCESSADOR_DIDATICO ; PROCESSADOR_DIDATICO ;
; Family name                                                                ; Cyclone IV E         ; Cyclone V            ;
; Use smart compilation                                                      ; Off                  ; Off                  ;
; Enable parallel Assembler and TimeQuest Timing Analyzer during compilation ; On                   ; On                   ;
; Enable compact report table                                                ; Off                  ; Off                  ;
; Restructure Multiplexers                                                   ; Auto                 ; Auto                 ;
; Create Debugging Nodes for IP Cores                                        ; Off                  ; Off                  ;
; Preserve fewer node names                                                  ; On                   ; On                   ;
; Disable OpenCore Plus hardware evaluation                                  ; Off                  ; Off                  ;
; Verilog Version                                                            ; Verilog_2001         ; Verilog_2001         ;
; VHDL Version                                                               ; VHDL_1993            ; VHDL_1993            ;
; State Machine Processing                                                   ; Auto                 ; Auto                 ;
; Safe State Machine                                                         ; Off                  ; Off                  ;
; Extract Verilog State Machines                                             ; On                   ; On                   ;
; Extract VHDL State Machines                                                ; On                   ; On                   ;
; Ignore Verilog initial constructs                                          ; Off                  ; Off                  ;
; Iteration limit for constant Verilog loops                                 ; 5000                 ; 5000                 ;
; Iteration limit for non-constant Verilog loops                             ; 250                  ; 250                  ;
; Add Pass-Through Logic to Inferred RAMs                                    ; On                   ; On                   ;
; Infer RAMs from Raw Logic                                                  ; On                   ; On                   ;
; Parallel Synthesis                                                         ; On                   ; On                   ;
; DSP Block Balancing                                                        ; Auto                 ; Auto                 ;
; NOT Gate Push-Back                                                         ; On                   ; On                   ;
; Power-Up Don't Care                                                        ; On                   ; On                   ;
; Remove Redundant Logic Cells                                               ; Off                  ; Off                  ;
; Remove Duplicate Registers                                                 ; On                   ; On                   ;
; Ignore CARRY Buffers                                                       ; Off                  ; Off                  ;
; Ignore CASCADE Buffers                                                     ; Off                  ; Off                  ;
; Ignore GLOBAL Buffers                                                      ; Off                  ; Off                  ;
; Ignore ROW GLOBAL Buffers                                                  ; Off                  ; Off                  ;
; Ignore LCELL Buffers                                                       ; Off                  ; Off                  ;
; Ignore SOFT Buffers                                                        ; On                   ; On                   ;
; Limit AHDL Integers to 32 Bits                                             ; Off                  ; Off                  ;
; Optimization Technique                                                     ; Balanced             ; Balanced             ;
; Carry Chain Length                                                         ; 70                   ; 70                   ;
; Auto Carry Chains                                                          ; On                   ; On                   ;
; Auto Open-Drain Pins                                                       ; On                   ; On                   ;
; Perform WYSIWYG Primitive Resynthesis                                      ; Off                  ; Off                  ;
; Auto ROM Replacement                                                       ; On                   ; On                   ;
; Auto RAM Replacement                                                       ; On                   ; On                   ;
; Auto DSP Block Replacement                                                 ; On                   ; On                   ;
; Auto Shift Register Replacement                                            ; Auto                 ; Auto                 ;
; Allow Shift Register Merging across Hierarchies                            ; Auto                 ; Auto                 ;
; Auto Clock Enable Replacement                                              ; On                   ; On                   ;
; Strict RAM Replacement                                                     ; Off                  ; Off                  ;
; Allow Synchronous Control Signals                                          ; On                   ; On                   ;
; Force Use of Synchronous Clear Signals                                     ; Off                  ; Off                  ;
; Auto RAM Block Balancing                                                   ; On                   ; On                   ;
; Auto RAM to Logic Cell Conversion                                          ; Off                  ; Off                  ;
; Auto Resource Sharing                                                      ; Off                  ; Off                  ;
; Allow Any RAM Size For Recognition                                         ; Off                  ; Off                  ;
; Allow Any ROM Size For Recognition                                         ; Off                  ; Off                  ;
; Allow Any Shift Register Size For Recognition                              ; Off                  ; Off                  ;
; Use LogicLock Constraints during Resource Balancing                        ; On                   ; On                   ;
; Ignore translate_off and synthesis_off directives                          ; Off                  ; Off                  ;
; Timing-Driven Synthesis                                                    ; On                   ; On                   ;
; Report Parameter Settings                                                  ; On                   ; On                   ;
; Report Source Assignments                                                  ; On                   ; On                   ;
; Report Connectivity Checks                                                 ; On                   ; On                   ;
; Ignore Maximum Fan-Out Assignments                                         ; Off                  ; Off                  ;
; Synchronization Register Chain Length                                      ; 2                    ; 2                    ;
; PowerPlay Power Optimization During Synthesis                              ; Normal compilation   ; Normal compilation   ;
; HDL message level                                                          ; Level2               ; Level2               ;
; Suppress Register Optimization Related Messages                            ; Off                  ; Off                  ;
; Number of Removed Registers Reported in Synthesis Report                   ; 5000                 ; 5000                 ;
; Number of Swept Nodes Reported in Synthesis Report                         ; 5000                 ; 5000                 ;
; Number of Inverted Registers Reported in Synthesis Report                  ; 100                  ; 100                  ;
; Clock MUX Protection                                                       ; On                   ; On                   ;
; Auto Gated Clock Conversion                                                ; Off                  ; Off                  ;
; Block Design Naming                                                        ; Auto                 ; Auto                 ;
; SDC constraint protection                                                  ; Off                  ; Off                  ;
; Synthesis Effort                                                           ; Auto                 ; Auto                 ;
; Shift Register Replacement - Allow Asynchronous Clear Signal               ; On                   ; On                   ;
; Pre-Mapping Resynthesis Optimization                                       ; Off                  ; Off                  ;
; Analysis & Synthesis Message Level                                         ; Medium               ; Medium               ;
; Disable Register Merging Across Hierarchies                                ; Auto                 ; Auto                 ;
; Resource Aware Inference For Block RAM                                     ; On                   ; On                   ;
; Synthesis Seed                                                             ; 1                    ; 1                    ;
+----------------------------------------------------------------------------+----------------------+----------------------+


Parallel compilation was disabled, but you have multiple processors available. Enable parallel compilation to reduce compilation time.
+-------------------------------------+
; Parallel Compilation                ;
+----------------------------+--------+
; Processors                 ; Number ;
+----------------------------+--------+
; Number detected on machine ; 4      ;
; Maximum allowed            ; 1      ;
+----------------------------+--------+


+----------------------------------------------------------------------------------------------------------------------------------------------------------+
; Analysis & Synthesis Source Files Read                                                                                                                   ;
+----------------------------------+-----------------+-----------------------+-------------------------------------------------------------------+---------+
; File Name with User-Entered Path ; Used in Netlist ; File Type             ; File Name with Absolute Path                                      ; Library ;
+----------------------------------+-----------------+-----------------------+-------------------------------------------------------------------+---------+
; PROCESSADOR_DIDATICO.vhd         ; yes             ; User VHDL File        ; C:/Users/layca/Documents/WorkspaceAltera/PROCESSADOR_DIDATICO.vhd ;         ;
; componente_pc.vhd                ; yes             ; Auto-Found VHDL File  ; C:/Users/layca/Documents/WorkspaceAltera/componente_pc.vhd        ;         ;
; componente_ulapc.vhd             ; yes             ; Auto-Found VHDL File  ; C:/Users/layca/Documents/WorkspaceAltera/componente_ulapc.vhd     ;         ;
+----------------------------------+-----------------+-----------------------+-------------------------------------------------------------------+---------+


+-----------------------------------------------------+
; Analysis & Synthesis Resource Usage Summary         ;
+---------------------------------------------+-------+
; Resource                                    ; Usage ;
+---------------------------------------------+-------+
;                                             ;       ;
; Total combinational functions               ; 0     ;
; Logic element usage by number of LUT inputs ;       ;
;     -- 4 input functions                    ; 0     ;
;     -- 3 input functions                    ; 0     ;
;     -- <=2 input functions                  ; 0     ;
;                                             ;       ;
; Logic elements by mode                      ;       ;
;     -- normal mode                          ; 0     ;
;     -- arithmetic mode                      ; 0     ;
;                                             ;       ;
; Total registers                             ; 0     ;
;     -- Dedicated logic registers            ; 0     ;
;     -- I/O registers                        ; 0     ;
;                                             ;       ;
; I/O pins                                    ; 33    ;
;                                             ;       ;
; Embedded Multiplier 9-bit elements          ; 0     ;
;                                             ;       ;
; Maximum fan-out node                        ; A[0]  ;
; Maximum fan-out                             ; 1     ;
; Total fan-out                               ; 33    ;
; Average fan-out                             ; 0.50  ;
+---------------------------------------------+-------+


+------------------------------------------------------------------------------------------------------------------------------------------------------------------------------------------------------+
; Analysis & Synthesis Resource Utilization by Entity                                                                                                                                                  ;
+----------------------------+-------------------+--------------+-------------+--------------+---------+-----------+------+--------------+-----------------------+----------------------+--------------+
; Compilation Hierarchy Node ; LC Combinationals ; LC Registers ; Memory Bits ; DSP Elements ; DSP 9x9 ; DSP 18x18 ; Pins ; Virtual Pins ; Full Hierarchy Name   ; Entity Name          ; Library Name ;
+----------------------------+-------------------+--------------+-------------+--------------+---------+-----------+------+--------------+-----------------------+----------------------+--------------+
; |PROCESSADOR_DIDATICO      ; 0 (0)             ; 0 (0)        ; 0           ; 0            ; 0       ; 0         ; 33   ; 0            ; |PROCESSADOR_DIDATICO ; PROCESSADOR_DIDATICO ; work         ;
+----------------------------+-------------------+--------------+-------------+--------------+---------+-----------+------+--------------+-----------------------+----------------------+--------------+
Note: For table entries with two numbers listed, the numbers in parentheses indicate the number of resources of the given type used by the specific entity alone. The numbers listed outside of parentheses indicate the total resources of the given type used by the specific entity and all of its sub-entities in the hierarchy.


+------------------------------------------------------+
; General Register Statistics                          ;
+----------------------------------------------+-------+
; Statistic                                    ; Value ;
+----------------------------------------------+-------+
; Total registers                              ; 0     ;
; Number of registers using Synchronous Clear  ; 0     ;
; Number of registers using Synchronous Load   ; 0     ;
; Number of registers using Asynchronous Clear ; 0     ;
; Number of registers using Asynchronous Load  ; 0     ;
; Number of registers using Clock Enable       ; 0     ;
; Number of registers using Preset             ; 0     ;
+----------------------------------------------+-------+


+-----------------------------------------------------+
; Post-Synthesis Netlist Statistics for Top Partition ;
+-----------------------+-----------------------------+
; Type                  ; Count                       ;
+-----------------------+-----------------------------+
; boundary_port         ; 33                          ;
; cycloneiii_lcell_comb ; 1                           ;
;     normal            ; 1                           ;
;         0 data inputs ; 1                           ;
;                       ;                             ;
; Max LUT depth         ; 0.00                        ;
; Average LUT depth     ; 0.00                        ;
+-----------------------+-----------------------------+


+-------------------------------+
; Elapsed Time Per Partition    ;
+----------------+--------------+
; Partition Name ; Elapsed Time ;
+----------------+--------------+
; Top            ; 00:00:00     ;
+----------------+--------------+


+-------------------------------+
; Analysis & Synthesis Messages ;
+-------------------------------+
Info: *******************************************************************
Info: Running Quartus Prime Analysis & Synthesis
    Info: Version 16.0.0 Build 211 04/27/2016 SJ Lite Edition
    Info: Processing started: Thu Jul 21 00:01:45 2016
Info: Command: quartus_map --read_settings_files=on --write_settings_files=off PROCESSADOR_DIDATICO -c PROCESSADOR_DIDATICO
Warning (20028): Parallel compilation is not licensed and has been disabled
Info (12021): Found 2 design units, including 1 entities, in source file processador_didatico.vhd
    Info (12022): Found design unit 1: PROCESSADOR_DIDATICO-arq File: C:/Users/layca/Documents/WorkspaceAltera/PROCESSADOR_DIDATICO.vhd Line: 13
    Info (12023): Found entity 1: PROCESSADOR_DIDATICO File: C:/Users/layca/Documents/WorkspaceAltera/PROCESSADOR_DIDATICO.vhd Line: 4
Info (12127): Elaborating entity "PROCESSADOR_DIDATICO" for the top level hierarchy
Warning (10541): VHDL Signal Declaration warning at PROCESSADOR_DIDATICO.vhd(8): used implicit default value for signal "O" because signal was never assigned a value or an explicit default value. Use of implicit default value may introduce unintended design optimizations. File: C:/Users/layca/Documents/WorkspaceAltera/PROCESSADOR_DIDATICO.vhd Line: 8
Warning (10541): VHDL Signal Declaration warning at PROCESSADOR_DIDATICO.vhd(31): used implicit default value for signal "sinal_rst" because signal was never assigned a value or an explicit default value. Use of implicit default value may introduce unintended design optimizations. File: C:/Users/layca/Documents/WorkspaceAltera/PROCESSADOR_DIDATICO.vhd Line: 31
Warning (10541): VHDL Signal Declaration warning at PROCESSADOR_DIDATICO.vhd(31): used implicit default value for signal "sinal_clk" because signal was never assigned a value or an explicit default value. Use of implicit default value may introduce unintended design optimizations. File: C:/Users/layca/Documents/WorkspaceAltera/PROCESSADOR_DIDATICO.vhd Line: 31
Warning (12125): Using design file componente_pc.vhd, which is not specified as a design file for the current project, but contains definitions for 2 design units and 1 entities in project
    Info (12022): Found design unit 1: Componente_PC-arq File: C:/Users/layca/Documents/WorkspaceAltera/componente_pc.vhd Line: 12
    Info (12023): Found entity 1: Componente_PC File: C:/Users/layca/Documents/WorkspaceAltera/componente_pc.vhd Line: 4
Info (12128): Elaborating entity "Componente_PC" for hierarchy "Componente_PC:G1" File: C:/Users/layca/Documents/WorkspaceAltera/PROCESSADOR_DIDATICO.vhd Line: 35
Warning (12125): Using design file componente_ulapc.vhd, which is not specified as a design file for the current project, but contains definitions for 2 design units and 1 entities in project
    Info (12022): Found design unit 1: Componente_ULAPC-arq File: C:/Users/layca/Documents/WorkspaceAltera/componente_ulapc.vhd Line: 13
    Info (12023): Found entity 1: Componente_ULAPC File: C:/Users/layca/Documents/WorkspaceAltera/componente_ulapc.vhd Line: 6
Info (12128): Elaborating entity "Componente_ULAPC" for hierarchy "Componente_ULAPC:G2" File: C:/Users/layca/Documents/WorkspaceAltera/PROCESSADOR_DIDATICO.vhd Line: 36
Warning (13024): Output pins are stuck at VCC or GND
    Warning (13410): Pin "O[0]" is stuck at GND File: C:/Users/layca/Documents/WorkspaceAltera/PROCESSADOR_DIDATICO.vhd Line: 8
    Warning (13410): Pin "O[1]" is stuck at GND File: C:/Users/layca/Documents/WorkspaceAltera/PROCESSADOR_DIDATICO.vhd Line: 8
    Warning (13410): Pin "O[2]" is stuck at GND File: C:/Users/layca/Documents/WorkspaceAltera/PROCESSADOR_DIDATICO.vhd Line: 8
    Warning (13410): Pin "O[3]" is stuck at GND File: C:/Users/layca/Documents/WorkspaceAltera/PROCESSADOR_DIDATICO.vhd Line: 8
    Warning (13410): Pin "O[4]" is stuck at GND File: C:/Users/layca/Documents/WorkspaceAltera/PROCESSADOR_DIDATICO.vhd Line: 8
    Warning (13410): Pin "O[5]" is stuck at GND File: C:/Users/layca/Documents/WorkspaceAltera/PROCESSADOR_DIDATICO.vhd Line: 8
    Warning (13410): Pin "O[6]" is stuck at GND File: C:/Users/layca/Documents/WorkspaceAltera/PROCESSADOR_DIDATICO.vhd Line: 8
    Warning (13410): Pin "O[7]" is stuck at GND File: C:/Users/layca/Documents/WorkspaceAltera/PROCESSADOR_DIDATICO.vhd Line: 8
    Warning (13410): Pin "O[8]" is stuck at GND File: C:/Users/layca/Documents/WorkspaceAltera/PROCESSADOR_DIDATICO.vhd Line: 8
    Warning (13410): Pin "O[9]" is stuck at GND File: C:/Users/layca/Documents/WorkspaceAltera/PROCESSADOR_DIDATICO.vhd Line: 8
    Warning (13410): Pin "O[10]" is stuck at GND File: C:/Users/layca/Documents/WorkspaceAltera/PROCESSADOR_DIDATICO.vhd Line: 8
    Warning (13410): Pin "O[11]" is stuck at GND File: C:/Users/layca/Documents/WorkspaceAltera/PROCESSADOR_DIDATICO.vhd Line: 8
    Warning (13410): Pin "O[12]" is stuck at GND File: C:/Users/layca/Documents/WorkspaceAltera/PROCESSADOR_DIDATICO.vhd Line: 8
    Warning (13410): Pin "O[13]" is stuck at GND File: C:/Users/layca/Documents/WorkspaceAltera/PROCESSADOR_DIDATICO.vhd Line: 8
    Warning (13410): Pin "O[14]" is stuck at GND File: C:/Users/layca/Documents/WorkspaceAltera/PROCESSADOR_DIDATICO.vhd Line: 8
    Warning (13410): Pin "O[15]" is stuck at GND File: C:/Users/layca/Documents/WorkspaceAltera/PROCESSADOR_DIDATICO.vhd Line: 8
Info (16010): Generating hard_block partition "hard_block:auto_generated_inst"
    Info (16011): Adding 0 node(s), including 0 DDIO, 0 PLL, 0 transceiver and 0 LCELL
Warning (21074): Design contains 17 input pin(s) that do not drive logic
    Warning (15610): No output dependent on input pin "A[0]" File: C:/Users/layca/Documents/WorkspaceAltera/PROCESSADOR_DIDATICO.vhd Line: 6
    Warning (15610): No output dependent on input pin "A[1]" File: C:/Users/layca/Documents/WorkspaceAltera/PROCESSADOR_DIDATICO.vhd Line: 6
    Warning (15610): No output dependent on input pin "A[2]" File: C:/Users/layca/Documents/WorkspaceAltera/PROCESSADOR_DIDATICO.vhd Line: 6
    Warning (15610): No output dependent on input pin "A[3]" File: C:/Users/layca/Documents/WorkspaceAltera/PROCESSADOR_DIDATICO.vhd Line: 6
    Warning (15610): No output dependent on input pin "A[4]" File: C:/Users/layca/Documents/WorkspaceAltera/PROCESSADOR_DIDATICO.vhd Line: 6
    Warning (15610): No output dependent on input pin "A[5]" File: C:/Users/layca/Documents/WorkspaceAltera/PROCESSADOR_DIDATICO.vhd Line: 6
    Warning (15610): No output dependent on input pin "A[6]" File: C:/Users/layca/Documents/WorkspaceAltera/PROCESSADOR_DIDATICO.vhd Line: 6
    Warning (15610): No output dependent on input pin "A[7]" File: C:/Users/layca/Documents/WorkspaceAltera/PROCESSADOR_DIDATICO.vhd Line: 6
    Warning (15610): No output dependent on input pin "A[8]" File: C:/Users/layca/Documents/WorkspaceAltera/PROCESSADOR_DIDATICO.vhd Line: 6
    Warning (15610): No output dependent on input pin "A[9]" File: C:/Users/layca/Documents/WorkspaceAltera/PROCESSADOR_DIDATICO.vhd Line: 6
    Warning (15610): No output dependent on input pin "A[10]" File: C:/Users/layca/Documents/WorkspaceAltera/PROCESSADOR_DIDATICO.vhd Line: 6
    Warning (15610): No output dependent on input pin "A[11]" File: C:/Users/layca/Documents/WorkspaceAltera/PROCESSADOR_DIDATICO.vhd Line: 6
    Warning (15610): No output dependent on input pin "A[12]" File: C:/Users/layca/Documents/WorkspaceAltera/PROCESSADOR_DIDATICO.vhd Line: 6
    Warning (15610): No output dependent on input pin "A[13]" File: C:/Users/layca/Documents/WorkspaceAltera/PROCESSADOR_DIDATICO.vhd Line: 6
    Warning (15610): No output dependent on input pin "A[14]" File: C:/Users/layca/Documents/WorkspaceAltera/PROCESSADOR_DIDATICO.vhd Line: 6
    Warning (15610): No output dependent on input pin "A[15]" File: C:/Users/layca/Documents/WorkspaceAltera/PROCESSADOR_DIDATICO.vhd Line: 6
    Warning (15610): No output dependent on input pin "S" File: C:/Users/layca/Documents/WorkspaceAltera/PROCESSADOR_DIDATICO.vhd Line: 7
Info (21057): Implemented 33 device resources after synthesis - the final resource count might be different
    Info (21058): Implemented 17 input pins
    Info (21059): Implemented 16 output pins
Info: Quartus Prime Analysis & Synthesis was successful. 0 errors, 41 warnings
    Info: Peak virtual memory: 876 megabytes
    Info: Processing ended: Thu Jul 21 00:02:05 2016
    Info: Elapsed time: 00:00:20
    Info: Total CPU time (on all processors): 00:00:44


